<?xml version="1.0" encoding="UTF-8"?>
<!-- Generated by org.testng.reporters.JUnitXMLReporter -->
<testsuite ignored="0" hostname="Alex" failures="1" tests="19" name="Test" time="198.033" errors="0" timestamp="2025-01-26T22:33:51 GMT">
  <testcase classname="WebApplication.AutomationFramework.ActionsTest_Mutirun_jsondata" name="actionsConceptTest" time="10.974"/>
  <testcase classname="WebApplication.AutomationFramework.ActionsTest_Mutirun_jsondata" name="actionsConceptTest" time="4.657"/>
  <testcase classname="WebApplication.AutomationFramework.ActionsTest_Mutirun_jsondata" name="actionsConceptTest" time="4.907"/>
  <testcase classname="WebApplication.AutomationFramework.SeleniumnewFeature_Openingwebpageinnewwindowortab" name="selenium_newFeatures" time="6.869"/>
  <testcase classname="WebApplication.AutomationFramework.Browsernavigations" name="Browser_navigations" time="7.65"/>
  <testcase classname="WebApplication.AutomationFramework.ActionsTest_Mutipleexecution_Testdataprovider" name="actionsConceptTest" time="9.719"/>
  <testcase classname="WebApplication.AutomationFramework.ActionsTest_Mutipleexecution_Testdataprovider" name="actionsConceptTest" time="4.6"/>
  <testcase classname="WebApplication.AutomationFramework.ActionsTest_Mutipleexecution_Testdataprovider" name="actionsConceptTest" time="4.724"/>
  <testcase classname="WebApplication.AutomationFramework.WindowHandles" name="window_Handles_test" time="5.73"/>
  <testcase classname="WebApplication.AutomationFramework.UIDropdownpractise" name="Ui_Dropdowns_Automation" time="15.273"/>
  <testcase classname="WebApplication.AutomationFramework.RelativeLocators" name="RelativeLocatorscheck" time="2.345"/>
  <testcase classname="WebApplication.AutomationFramework.Alerts" name="Alertscheck" time="5.601"/>
  <testcase classname="WebApplication.AutomationFramework.DropDownCheck" name="StaticDropdowncheck" time="10.764"/>
  <testcase classname="WebApplication.AutomationFramework.AutoITFileupload" name="AutoIT_FileUpload" time="9.221"/>
  <testcase classname="WebApplication.AutomationFramework.BrokenlinksSoftAssertion" name="Brokenlink_softassertion" time="12.351">
    <failure type="java.lang.AssertionError" message="The following asserts failed:
	The link with TextAppium is broken with code403 expected [true] but found [false],
	The link with TextBroken Link is broken with code404 expected [true] but found [false]">
      <![CDATA[java.lang.AssertionError: The following asserts failed:
The link with TextAppium is broken with code403 expected [true] but found [false],
The link with TextBroken Link is broken with code404 expected [true] but found [false]
at WebApplication.AutomationFramework.BrokenlinksSoftAssertion.Brokenlink_softassertion(BrokenlinksSoftAssertion.java:39)
at java.base/java.util.ArrayList.forEach(ArrayList.java:1511)
... Removed 29 stack frames]]>
    </failure>
  </testcase> <!-- Brokenlink_softassertion -->
  <testcase classname="WebApplication.AutomationFramework.Iframescheck" name="Frames" time="8.834"/>
  <testcase classname="WebApplication.AutomationFramework.ConceptActions" name="Actions_concept" time="9.952"/>
  <testcase classname="WebApplication.AutomationFramework.WindowAuthenticatioPopup" name="Window_Authentication_popup_handle" time="9.292"/>
  <testcase classname="WebApplication.AutomationFramework.Scroll" name="scrollConcept" time="28.922"/>
</testsuite> <!-- Test -->
