<html>
<head>
<title>TestNG:  Test</title>
<link href="../testng.css" rel="stylesheet" type="text/css" />
<link href="../my-testng.css" rel="stylesheet" type="text/css" />

<style type="text/css">
.log { display: none;} 
.stack-trace { display: none;} 
</style>
<script type="text/javascript">
<!--
function flip(e) {
  current = e.style.display;
  if (current == 'block') {
    e.style.display = 'none';
    return 0;
  }
  else {
    e.style.display = 'block';
    return 1;
  }
}

function toggleBox(szDivId, elem, msg1, msg2)
{
  var res = -1;  if (document.getElementById) {
    res = flip(document.getElementById(szDivId));
  }
  else if (document.all) {
    // this is the way old msie versions work
    res = flip(document.all[szDivId]);
  }
  if(elem) {
    if(res == 0) elem.innerHTML = msg1; else elem.innerHTML = msg2;
  }

}

function toggleAllBoxes() {
  if (document.getElementsByTagName) {
    d = document.getElementsByTagName('div');
    for (i = 0; i < d.length; i++) {
      if (d[i].className == 'log') {
        flip(d[i]);
      }
    }
  }
}

// -->
</script>

</head>
<body>
<h2 align='center'>Test</h2><table border='1' align="center">
<tr>
<td>Tests passed/Failed/Skipped:</td><td>18/1/0</td>
</tr><tr>
<td>Started on:</td><td>Sun Jan 26 22:30:33 GMT 2025</td>
</tr>
<tr><td>Total time:</td><td>198 seconds (198033 ms)</td>
</tr><tr>
<td>Included groups:</td><td></td>
</tr><tr>
<td>Excluded groups:</td><td></td>
</tr>
</table><p/>
<small><i>(Hover the method name to see the test class name)</i></small><p/>
<table width='100%' border='1' class='invocation-failed'>
<tr><td colspan='4' align='center'><b>FAILED TESTS</b></td></tr>
<tr><td><b>Test method</b></td>
<td width="30%"><b>Exception</b></td>
<td width="10%"><b>Time (seconds)</b></td>
<td><b>Instance</b></td>
</tr>
<tr>
<td title='WebApplication.AutomationFramework.BrokenlinksSoftAssertion.Brokenlink_softassertion()'><b>Brokenlink_softassertion</b><br>Test class: WebApplication.AutomationFramework.BrokenlinksSoftAssertion</td>
<td><div><pre>java.lang.AssertionError: The following asserts failed:
	The link with TextAppium is broken with code403 expected [true] but found [false],
	The link with TextBroken Link is broken with code404 expected [true] but found [false]
	at WebApplication.AutomationFramework.BrokenlinksSoftAssertion.Brokenlink_softassertion(BrokenlinksSoftAssertion.java:39)
	at java.base/java.util.ArrayList.forEach(ArrayList.java:1511)
... Removed 29 stack frames</pre></div><a href='#' onClick='toggleBox("stack-trace304494063", this, "Click to show all stack frames", "Click to hide stack frames")'>Click to show all stack frames</a>
<div class='stack-trace' id='stack-trace304494063'><pre>java.lang.AssertionError: The following asserts failed:
	The link with TextAppium is broken with code403 expected [true] but found [false],
	The link with TextBroken Link is broken with code404 expected [true] but found [false]
	at org.testng.asserts.SoftAssert.assertAll(SoftAssert.java:47)
	at org.testng.asserts.SoftAssert.assertAll(SoftAssert.java:31)
	at WebApplication.AutomationFramework.BrokenlinksSoftAssertion.Brokenlink_softassertion(BrokenlinksSoftAssertion.java:39)
	at java.base/jdk.internal.reflect.NativeMethodAccessorImpl.invoke0(Native Method)
	at java.base/jdk.internal.reflect.NativeMethodAccessorImpl.invoke(NativeMethodAccessorImpl.java:77)
	at java.base/jdk.internal.reflect.DelegatingMethodAccessorImpl.invoke(DelegatingMethodAccessorImpl.java:43)
	at java.base/java.lang.reflect.Method.invoke(Method.java:568)
	at org.testng.internal.MethodInvocationHelper.invokeMethod(MethodInvocationHelper.java:133)
	at org.testng.internal.TestInvoker.invokeMethod(TestInvoker.java:598)
	at org.testng.internal.TestInvoker.invokeTestMethod(TestInvoker.java:173)
	at org.testng.internal.MethodRunner.runInSequence(MethodRunner.java:46)
	at org.testng.internal.TestInvoker$MethodInvocationAgent.invoke(TestInvoker.java:824)
	at org.testng.internal.TestInvoker.invokeTestMethods(TestInvoker.java:146)
	at org.testng.internal.TestMethodWorker.invokeTestMethods(TestMethodWorker.java:146)
	at org.testng.internal.TestMethodWorker.run(TestMethodWorker.java:128)
	at java.base/java.util.ArrayList.forEach(ArrayList.java:1511)
	at org.testng.TestRunner.privateRun(TestRunner.java:794)
	at org.testng.TestRunner.run(TestRunner.java:596)
	at org.testng.SuiteRunner.runTest(SuiteRunner.java:377)
	at org.testng.SuiteRunner.runSequentially(SuiteRunner.java:371)
	at org.testng.SuiteRunner.privateRun(SuiteRunner.java:332)
	at org.testng.SuiteRunner.run(SuiteRunner.java:276)
	at org.testng.SuiteRunnerWorker.runSuite(SuiteRunnerWorker.java:53)
	at org.testng.SuiteRunnerWorker.run(SuiteRunnerWorker.java:96)
	at org.testng.TestNG.runSuitesSequentially(TestNG.java:1212)
	at org.testng.TestNG.runSuitesLocally(TestNG.java:1134)
	at org.testng.TestNG.runSuites(TestNG.java:1063)
	at org.testng.TestNG.run(TestNG.java:1031)
	at org.testng.remote.AbstractRemoteTestNG.run(AbstractRemoteTestNG.java:115)
	at org.testng.remote.RemoteTestNG.initAndRun(RemoteTestNG.java:293)
	at org.testng.remote.RemoteTestNG.main(RemoteTestNG.java:91)
</pre></div></td>
<td>12</td>
<td>WebApplication.AutomationFramework.BrokenlinksSoftAssertion@5a45133e</td></tr>
</table><p>
<table width='100%' border='1' class='invocation-passed'>
<tr><td colspan='4' align='center'><b>PASSED TESTS</b></td></tr>
<tr><td><b>Test method</b></td>
<td width="30%"><b>Exception</b></td>
<td width="10%"><b>Time (seconds)</b></td>
<td><b>Instance</b></td>
</tr>
<tr>
<td title='WebApplication.AutomationFramework.DropDownCheck.StaticDropdowncheck()'><b>StaticDropdowncheck</b><br>Test class: WebApplication.AutomationFramework.DropDownCheck</td>
<td></td>
<td>10</td>
<td>WebApplication.AutomationFramework.DropDownCheck@942a29c</td></tr>
<tr>
<td title='WebApplication.AutomationFramework.ActionsTest_Mutipleexecution_Testdataprovider.actionsConceptTest()'><b>actionsConceptTest</b><br>Test class: WebApplication.AutomationFramework.ActionsTest_Mutipleexecution_Testdataprovider<br>Parameters: india</td>
<td></td>
<td>9</td>
<td>WebApplication.AutomationFramework.ActionsTest_Mutipleexecution_Testdataprovider@272113c4</td></tr>
<tr>
<td title='WebApplication.AutomationFramework.ActionsTest_Mutipleexecution_Testdataprovider.actionsConceptTest()'><b>actionsConceptTest</b><br>Test class: WebApplication.AutomationFramework.ActionsTest_Mutipleexecution_Testdataprovider<br>Parameters: canada</td>
<td></td>
<td>4</td>
<td>WebApplication.AutomationFramework.ActionsTest_Mutipleexecution_Testdataprovider@272113c4</td></tr>
<tr>
<td title='WebApplication.AutomationFramework.WindowAuthenticatioPopup.Window_Authentication_popup_handle()'><b>Window_Authentication_popup_handle</b><br>Test class: WebApplication.AutomationFramework.WindowAuthenticatioPopup</td>
<td></td>
<td>9</td>
<td>WebApplication.AutomationFramework.WindowAuthenticatioPopup@121314f7</td></tr>
<tr>
<td title='WebApplication.AutomationFramework.ActionsTest_Mutirun_jsondata.actionsConceptTest()'><b>actionsConceptTest</b><br>Test class: WebApplication.AutomationFramework.ActionsTest_Mutirun_jsondata<br>Parameters: {autoSuggestText=usa}</td>
<td></td>
<td>4</td>
<td>WebApplication.AutomationFramework.ActionsTest_Mutirun_jsondata@13fd2ccd</td></tr>
<tr>
<td title='WebApplication.AutomationFramework.Browsernavigations.Browser_navigations()'><b>Browser_navigations</b><br>Test class: WebApplication.AutomationFramework.Browsernavigations</td>
<td></td>
<td>7</td>
<td>WebApplication.AutomationFramework.Browsernavigations@783a467b</td></tr>
<tr>
<td title='WebApplication.AutomationFramework.ActionsTest_Mutirun_jsondata.actionsConceptTest()'><b>actionsConceptTest</b><br>Test class: WebApplication.AutomationFramework.ActionsTest_Mutirun_jsondata<br>Parameters: {autoSuggestText=canada}</td>
<td></td>
<td>4</td>
<td>WebApplication.AutomationFramework.ActionsTest_Mutirun_jsondata@13fd2ccd</td></tr>
<tr>
<td title='WebApplication.AutomationFramework.ActionsTest_Mutirun_jsondata.actionsConceptTest()'><b>actionsConceptTest</b><br>Test class: WebApplication.AutomationFramework.ActionsTest_Mutirun_jsondata<br>Parameters: {autoSuggestText=india}</td>
<td></td>
<td>10</td>
<td>WebApplication.AutomationFramework.ActionsTest_Mutirun_jsondata@13fd2ccd</td></tr>
<tr>
<td title='WebApplication.AutomationFramework.Alerts.Alertscheck()'><b>Alertscheck</b><br>Test class: WebApplication.AutomationFramework.Alerts</td>
<td></td>
<td>5</td>
<td>WebApplication.AutomationFramework.Alerts@3527942a</td></tr>
<tr>
<td title='WebApplication.AutomationFramework.WindowHandles.window_Handles_test()'><b>window_Handles_test</b><br>Test class: WebApplication.AutomationFramework.WindowHandles</td>
<td></td>
<td>5</td>
<td>WebApplication.AutomationFramework.WindowHandles@73e9cf30</td></tr>
<tr>
<td title='WebApplication.AutomationFramework.SeleniumnewFeature_Openingwebpageinnewwindowortab.selenium_newFeatures()'><b>selenium_newFeatures</b><br>Test class: WebApplication.AutomationFramework.SeleniumnewFeature_Openingwebpageinnewwindowortab</td>
<td></td>
<td>6</td>
<td>WebApplication.AutomationFramework.SeleniumnewFeature_Openingwebpageinnewwindowortab@7db12bb6</td></tr>
<tr>
<td title='WebApplication.AutomationFramework.ConceptActions.Actions_concept()'><b>Actions_concept</b><br>Test class: WebApplication.AutomationFramework.ConceptActions</td>
<td></td>
<td>9</td>
<td>WebApplication.AutomationFramework.ConceptActions@4f80542f</td></tr>
<tr>
<td title='WebApplication.AutomationFramework.ActionsTest_Mutipleexecution_Testdataprovider.actionsConceptTest()'><b>actionsConceptTest</b><br>Test class: WebApplication.AutomationFramework.ActionsTest_Mutipleexecution_Testdataprovider<br>Parameters: usa</td>
<td></td>
<td>4</td>
<td>WebApplication.AutomationFramework.ActionsTest_Mutipleexecution_Testdataprovider@272113c4</td></tr>
<tr>
<td title='WebApplication.AutomationFramework.UIDropdownpractise.Ui_Dropdowns_Automation()'><b>Ui_Dropdowns_Automation</b><br>Test class: WebApplication.AutomationFramework.UIDropdownpractise</td>
<td></td>
<td>15</td>
<td>WebApplication.AutomationFramework.UIDropdownpractise@771a660</td></tr>
<tr>
<td title='WebApplication.AutomationFramework.Scroll.scrollConcept()'><b>scrollConcept</b><br>Test class: WebApplication.AutomationFramework.Scroll</td>
<td></td>
<td>28</td>
<td>WebApplication.AutomationFramework.Scroll@130c12b7</td></tr>
<tr>
<td title='WebApplication.AutomationFramework.Iframescheck.Frames()'><b>Frames</b><br>Test class: WebApplication.AutomationFramework.Iframescheck</td>
<td></td>
<td>8</td>
<td>WebApplication.AutomationFramework.Iframescheck@534a5a98</td></tr>
<tr>
<td title='WebApplication.AutomationFramework.RelativeLocators.RelativeLocatorscheck()'><b>RelativeLocatorscheck</b><br>Test class: WebApplication.AutomationFramework.RelativeLocators</td>
<td></td>
<td>2</td>
<td>WebApplication.AutomationFramework.RelativeLocators@2d52216b</td></tr>
<tr>
<td title='WebApplication.AutomationFramework.AutoITFileupload.AutoIT_FileUpload()'><b>AutoIT_FileUpload</b><br>Test class: WebApplication.AutomationFramework.AutoITFileupload</td>
<td></td>
<td>9</td>
<td>WebApplication.AutomationFramework.AutoITFileupload@1ed6388a</td></tr>
</table><p>
</body>
</html>